<?xml version="1.0" encoding="UTF-8"?>
<!-- Generated by org.testng.reporters.JUnitXMLReporter -->
<testsuite hostname="Vinod-PC" name="lenghttest" tests="1" failures="1" timestamp="25 Jun 2018 11:35:32 GMT" time="0.007" errors="0">
  <testcase name="stringTest" time="0.003" classname="testngtest.BaseTests">
    <failure type="java.lang.AssertionError" message="expected [3] but found [5]">
      <![CDATA[java.lang.AssertionError: expected [3] but found [5]
	at testngtest.BaseTests.stringTest(BaseTests.java:11)
... Removed 29 stack frames]]>
    </failure>
  </testcase> <!-- stringTest -->
</testsuite> <!-- lenghttest -->
