<?xml version="1.0" encoding="UTF-8"?>
<!-- Generated by org.testng.reporters.JUnitXMLReporter -->
<testsuite hostname="Vinod-PC" name="Lengthtest" tests="2" failures="1" timestamp="5 Jul 2018 09:58:59 GMT" time="0.016" errors="0">
  <testcase name="checkWordTest" time="0.0" classname="testngtest.BaseTests">
    <failure type="java.lang.AssertionError" message="expected [true] but found [false]">
      <![CDATA[java.lang.AssertionError: expected [true] but found [false]
	at testngtest.BaseTests.checkWordTest(BaseTests.java:17)
... Removed 29 stack frames]]>
    </failure>
  </testcase> <!-- checkWordTest -->
  <testcase name="stringTest" time="0.0" classname="testngtest.BaseTests"/>
</testsuite> <!-- Lengthtest -->
